GowinSynthesis start
Running parser ...
Analyzing Verilog file 'C:\Users\recep\OneDrive\Desktop\PicoRV\assembler_1\assembler_1\fpga\tangnano9k_soc\fpga_project\src\picorv32.v'
Analyzing Verilog file 'C:\Users\recep\OneDrive\Desktop\PicoRV\assembler_1\assembler_1\fpga\tangnano9k_soc\fpga_project\src\gpio.v'
Analyzing Verilog file 'C:\Users\recep\OneDrive\Desktop\PicoRV\assembler_1\assembler_1\fpga\tangnano9k_soc\fpga_project\src\soc_top.v'
Analyzing Verilog file 'C:\Users\recep\OneDrive\Desktop\PicoRV\assembler_1\assembler_1\fpga\tangnano9k_soc\fpga_project\src\bram.v'
Compiling module 'soc_top'("C:\Users\recep\OneDrive\Desktop\PicoRV\assembler_1\assembler_1\fpga\tangnano9k_soc\fpga_project\src\soc_top.v":21)
Compiling module 'bram'("C:\Users\recep\OneDrive\Desktop\PicoRV\assembler_1\assembler_1\fpga\tangnano9k_soc\fpga_project\src\bram.v":21)
Extracting RAM for identifier 'mem'("C:\Users\recep\OneDrive\Desktop\PicoRV\assembler_1\assembler_1\fpga\tangnano9k_soc\fpga_project\src\bram.v":32)
WARN  (EX3988) : Cannot open file 'blink.hex'("C:\Users\recep\OneDrive\Desktop\PicoRV\assembler_1\assembler_1\fpga\tangnano9k_soc\fpga_project\src\bram.v":55)
Compiling module 'gpio'("C:\Users\recep\OneDrive\Desktop\PicoRV\assembler_1\assembler_1\fpga\tangnano9k_soc\fpga_project\src\gpio.v":12)
Compiling module 'picorv32(ENABLE_COUNTERS=0,ENABLE_COUNTERS64=0,CATCH_MISALIGN=0,CATCH_ILLINSN=0,ENABLE_IRQ_QREGS=0,ENABLE_IRQ_TIMER=0,LATCHED_IRQ=32'hFFFF_FFFF,STACKADDR=32'h0000_2000)'("C:\Users\recep\OneDrive\Desktop\PicoRV\assembler_1\assembler_1\fpga\tangnano9k_soc\fpga_project\src\picorv32.v":62)
Extracting RAM for identifier 'cpuregs'("C:\Users\recep\OneDrive\Desktop\PicoRV\assembler_1\assembler_1\fpga\tangnano9k_soc\fpga_project\src\picorv32.v":203)
WARN  (EX3827) : Synthesis - simulation differences may occur when using full_case directive("C:\Users\recep\OneDrive\Desktop\PicoRV\assembler_1\assembler_1\fpga\tangnano9k_soc\fpga_project\src\picorv32.v":403)
WARN  (EX3826) : Synthesis - simulation differences may occur when using parallel_case directive("C:\Users\recep\OneDrive\Desktop\PicoRV\assembler_1\assembler_1\fpga\tangnano9k_soc\fpga_project\src\picorv32.v":1120)
WARN  (EX3791) : Expression size 33 truncated to fit in target size 32("C:\Users\recep\OneDrive\Desktop\PicoRV\assembler_1\assembler_1\fpga\tangnano9k_soc\fpga_project\src\picorv32.v":1245)
WARN  (EX3791) : Expression size 32 truncated to fit in target size 1("C:\Users\recep\OneDrive\Desktop\PicoRV\assembler_1\assembler_1\fpga\tangnano9k_soc\fpga_project\src\picorv32.v":1250)
WARN  (EX3827) : Synthesis - simulation differences may occur when using full_case directive("C:\Users\recep\OneDrive\Desktop\PicoRV\assembler_1\assembler_1\fpga\tangnano9k_soc\fpga_project\src\picorv32.v":1252)
WARN  (EX3826) : Synthesis - simulation differences may occur when using parallel_case directive("C:\Users\recep\OneDrive\Desktop\PicoRV\assembler_1\assembler_1\fpga\tangnano9k_soc\fpga_project\src\picorv32.v":1252)
WARN  (EX3827) : Synthesis - simulation differences may occur when using full_case directive("C:\Users\recep\OneDrive\Desktop\PicoRV\assembler_1\assembler_1\fpga\tangnano9k_soc\fpga_project\src\picorv32.v":1269)
WARN  (EX3826) : Synthesis - simulation differences may occur when using parallel_case directive("C:\Users\recep\OneDrive\Desktop\PicoRV\assembler_1\assembler_1\fpga\tangnano9k_soc\fpga_project\src\picorv32.v":1269)
WARN  (EX3826) : Synthesis - simulation differences may occur when using parallel_case directive("C:\Users\recep\OneDrive\Desktop\PicoRV\assembler_1\assembler_1\fpga\tangnano9k_soc\fpga_project\src\picorv32.v":1315)
WARN  (EX3791) : Expression size 32 truncated to fit in target size 5("C:\Users\recep\OneDrive\Desktop\PicoRV\assembler_1\assembler_1\fpga\tangnano9k_soc\fpga_project\src\picorv32.v":1349)
WARN  (EX3791) : Expression size 32 truncated to fit in target size 5("C:\Users\recep\OneDrive\Desktop\PicoRV\assembler_1\assembler_1\fpga\tangnano9k_soc\fpga_project\src\picorv32.v":1404)
WARN  (EX3826) : Synthesis - simulation differences may occur when using parallel_case directive("C:\Users\recep\OneDrive\Desktop\PicoRV\assembler_1\assembler_1\fpga\tangnano9k_soc\fpga_project\src\picorv32.v":1498)
WARN  (EX3826) : Synthesis - simulation differences may occur when using parallel_case directive("C:\Users\recep\OneDrive\Desktop\PicoRV\assembler_1\assembler_1\fpga\tangnano9k_soc\fpga_project\src\picorv32.v":1584)
WARN  (EX3791) : Expression size 32 truncated to fit in target size 5("C:\Users\recep\OneDrive\Desktop\PicoRV\assembler_1\assembler_1\fpga\tangnano9k_soc\fpga_project\src\picorv32.v":1731)
WARN  (EX3826) : Synthesis - simulation differences may occur when using parallel_case directive("C:\Users\recep\OneDrive\Desktop\PicoRV\assembler_1\assembler_1\fpga\tangnano9k_soc\fpga_project\src\picorv32.v":1736)
WARN  (EX3791) : Expression size 32 truncated to fit in target size 5("C:\Users\recep\OneDrive\Desktop\PicoRV\assembler_1\assembler_1\fpga\tangnano9k_soc\fpga_project\src\picorv32.v":1761)
WARN  (EX3826) : Synthesis - simulation differences may occur when using parallel_case directive("C:\Users\recep\OneDrive\Desktop\PicoRV\assembler_1\assembler_1\fpga\tangnano9k_soc\fpga_project\src\picorv32.v":1767)
WARN  (EX3827) : Synthesis - simulation differences may occur when using full_case directive("C:\Users\recep\OneDrive\Desktop\PicoRV\assembler_1\assembler_1\fpga\tangnano9k_soc\fpga_project\src\picorv32.v":1837)
WARN  (EX3826) : Synthesis - simulation differences may occur when using parallel_case directive("C:\Users\recep\OneDrive\Desktop\PicoRV\assembler_1\assembler_1\fpga\tangnano9k_soc\fpga_project\src\picorv32.v":1837)
WARN  (EX3791) : Expression size 32 truncated to fit in target size 5("C:\Users\recep\OneDrive\Desktop\PicoRV\assembler_1\assembler_1\fpga\tangnano9k_soc\fpga_project\src\picorv32.v":1842)
WARN  (EX3827) : Synthesis - simulation differences may occur when using full_case directive("C:\Users\recep\OneDrive\Desktop\PicoRV\assembler_1\assembler_1\fpga\tangnano9k_soc\fpga_project\src\picorv32.v":1845)
WARN  (EX3826) : Synthesis - simulation differences may occur when using parallel_case directive("C:\Users\recep\OneDrive\Desktop\PicoRV\assembler_1\assembler_1\fpga\tangnano9k_soc\fpga_project\src\picorv32.v":1845)
WARN  (EX3791) : Expression size 32 truncated to fit in target size 5("C:\Users\recep\OneDrive\Desktop\PicoRV\assembler_1\assembler_1\fpga\tangnano9k_soc\fpga_project\src\picorv32.v":1850)
WARN  (EX3827) : Synthesis - simulation differences may occur when using full_case directive("C:\Users\recep\OneDrive\Desktop\PicoRV\assembler_1\assembler_1\fpga\tangnano9k_soc\fpga_project\src\picorv32.v":1860)
WARN  (EX3826) : Synthesis - simulation differences may occur when using parallel_case directive("C:\Users\recep\OneDrive\Desktop\PicoRV\assembler_1\assembler_1\fpga\tangnano9k_soc\fpga_project\src\picorv32.v":1860)
WARN  (EX3827) : Synthesis - simulation differences may occur when using full_case directive("C:\Users\recep\OneDrive\Desktop\PicoRV\assembler_1\assembler_1\fpga\tangnano9k_soc\fpga_project\src\picorv32.v":1885)
WARN  (EX3826) : Synthesis - simulation differences may occur when using parallel_case directive("C:\Users\recep\OneDrive\Desktop\PicoRV\assembler_1\assembler_1\fpga\tangnano9k_soc\fpga_project\src\picorv32.v":1885)
WARN  (EX3827) : Synthesis - simulation differences may occur when using full_case directive("C:\Users\recep\OneDrive\Desktop\PicoRV\assembler_1\assembler_1\fpga\tangnano9k_soc\fpga_project\src\picorv32.v":1902)
WARN  (EX3826) : Synthesis - simulation differences may occur when using parallel_case directive("C:\Users\recep\OneDrive\Desktop\PicoRV\assembler_1\assembler_1\fpga\tangnano9k_soc\fpga_project\src\picorv32.v":1902)
WARN  (EX3827) : Synthesis - simulation differences may occur when using full_case directive("C:\Users\recep\OneDrive\Desktop\PicoRV\assembler_1\assembler_1\fpga\tangnano9k_soc\fpga_project\src\picorv32.v":1486)
NOTE  (EX0101) : Current top module is "soc_top"
WARN  (EX0211) : The output port "pcpi_insn[31]" of module "picorv32(ENABLE_COUNTERS=0,ENABLE_COUNTERS64=0,CATCH_MISALIGN=0,CATCH_ILLINSN=0,ENABLE_IRQ_QREGS=0,ENABLE_IRQ_TIMER=0,LATCHED_IRQ=32'hFFFF_FFFF,STACKADDR=32'h0000_2000)" has no driver, assigning undriven bits to Z, simulation mismatch possible("C:\Users\recep\OneDrive\Desktop\PicoRV\assembler_1\assembler_1\fpga\tangnano9k_soc\fpga_project\src\picorv32.v":111)
WARN  (EX0211) : The output port "pcpi_insn[30]" of module "picorv32(ENABLE_COUNTERS=0,ENABLE_COUNTERS64=0,CATCH_MISALIGN=0,CATCH_ILLINSN=0,ENABLE_IRQ_QREGS=0,ENABLE_IRQ_TIMER=0,LATCHED_IRQ=32'hFFFF_FFFF,STACKADDR=32'h0000_2000)" has no driver, assigning undriven bits to Z, simulation mismatch possible("C:\Users\recep\OneDrive\Desktop\PicoRV\assembler_1\assembler_1\fpga\tangnano9k_soc\fpga_project\src\picorv32.v":111)
WARN  (EX0211) : The output port "pcpi_insn[29]" of module "picorv32(ENABLE_COUNTERS=0,ENABLE_COUNTERS64=0,CATCH_MISALIGN=0,CATCH_ILLINSN=0,ENABLE_IRQ_QREGS=0,ENABLE_IRQ_TIMER=0,LATCHED_IRQ=32'hFFFF_FFFF,STACKADDR=32'h0000_2000)" has no driver, assigning undriven bits to Z, simulation mismatch possible("C:\Users\recep\OneDrive\Desktop\PicoRV\assembler_1\assembler_1\fpga\tangnano9k_soc\fpga_project\src\picorv32.v":111)
WARN  (EX0211) : The output port "pcpi_insn[28]" of module "picorv32(ENABLE_COUNTERS=0,ENABLE_COUNTERS64=0,CATCH_MISALIGN=0,CATCH_ILLINSN=0,ENABLE_IRQ_QREGS=0,ENABLE_IRQ_TIMER=0,LATCHED_IRQ=32'hFFFF_FFFF,STACKADDR=32'h0000_2000)" has no driver, assigning undriven bits to Z, simulation mismatch possible("C:\Users\recep\OneDrive\Desktop\PicoRV\assembler_1\assembler_1\fpga\tangnano9k_soc\fpga_project\src\picorv32.v":111)
WARN  (EX0211) : The output port "pcpi_insn[27]" of module "picorv32(ENABLE_COUNTERS=0,ENABLE_COUNTERS64=0,CATCH_MISALIGN=0,CATCH_ILLINSN=0,ENABLE_IRQ_QREGS=0,ENABLE_IRQ_TIMER=0,LATCHED_IRQ=32'hFFFF_FFFF,STACKADDR=32'h0000_2000)" has no driver, assigning undriven bits to Z, simulation mismatch possible("C:\Users\recep\OneDrive\Desktop\PicoRV\assembler_1\assembler_1\fpga\tangnano9k_soc\fpga_project\src\picorv32.v":111)
WARN  (EX0211) : The output port "pcpi_insn[26]" of module "picorv32(ENABLE_COUNTERS=0,ENABLE_COUNTERS64=0,CATCH_MISALIGN=0,CATCH_ILLINSN=0,ENABLE_IRQ_QREGS=0,ENABLE_IRQ_TIMER=0,LATCHED_IRQ=32'hFFFF_FFFF,STACKADDR=32'h0000_2000)" has no driver, assigning undriven bits to Z, simulation mismatch possible("C:\Users\recep\OneDrive\Desktop\PicoRV\assembler_1\assembler_1\fpga\tangnano9k_soc\fpga_project\src\picorv32.v":111)
WARN  (EX0211) : The output port "pcpi_insn[25]" of module "picorv32(ENABLE_COUNTERS=0,ENABLE_COUNTERS64=0,CATCH_MISALIGN=0,CATCH_ILLINSN=0,ENABLE_IRQ_QREGS=0,ENABLE_IRQ_TIMER=0,LATCHED_IRQ=32'hFFFF_FFFF,STACKADDR=32'h0000_2000)" has no driver, assigning undriven bits to Z, simulation mismatch possible("C:\Users\recep\OneDrive\Desktop\PicoRV\assembler_1\assembler_1\fpga\tangnano9k_soc\fpga_project\src\picorv32.v":111)
WARN  (EX0211) : The output port "pcpi_insn[24]" of module "picorv32(ENABLE_COUNTERS=0,ENABLE_COUNTERS64=0,CATCH_MISALIGN=0,CATCH_ILLINSN=0,ENABLE_IRQ_QREGS=0,ENABLE_IRQ_TIMER=0,LATCHED_IRQ=32'hFFFF_FFFF,STACKADDR=32'h0000_2000)" has no driver, assigning undriven bits to Z, simulation mismatch possible("C:\Users\recep\OneDrive\Desktop\PicoRV\assembler_1\assembler_1\fpga\tangnano9k_soc\fpga_project\src\picorv32.v":111)
WARN  (EX0211) : The output port "pcpi_insn[23]" of module "picorv32(ENABLE_COUNTERS=0,ENABLE_COUNTERS64=0,CATCH_MISALIGN=0,CATCH_ILLINSN=0,ENABLE_IRQ_QREGS=0,ENABLE_IRQ_TIMER=0,LATCHED_IRQ=32'hFFFF_FFFF,STACKADDR=32'h0000_2000)" has no driver, assigning undriven bits to Z, simulation mismatch possible("C:\Users\recep\OneDrive\Desktop\PicoRV\assembler_1\assembler_1\fpga\tangnano9k_soc\fpga_project\src\picorv32.v":111)
WARN  (EX0211) : The output port "pcpi_insn[22]" of module "picorv32(ENABLE_COUNTERS=0,ENABLE_COUNTERS64=0,CATCH_MISALIGN=0,CATCH_ILLINSN=0,ENABLE_IRQ_QREGS=0,ENABLE_IRQ_TIMER=0,LATCHED_IRQ=32'hFFFF_FFFF,STACKADDR=32'h0000_2000)" has no driver, assigning undriven bits to Z, simulation mismatch possible("C:\Users\recep\OneDrive\Desktop\PicoRV\assembler_1\assembler_1\fpga\tangnano9k_soc\fpga_project\src\picorv32.v":111)
WARN  (EX0211) : The output port "pcpi_insn[21]" of module "picorv32(ENABLE_COUNTERS=0,ENABLE_COUNTERS64=0,CATCH_MISALIGN=0,CATCH_ILLINSN=0,ENABLE_IRQ_QREGS=0,ENABLE_IRQ_TIMER=0,LATCHED_IRQ=32'hFFFF_FFFF,STACKADDR=32'h0000_2000)" has no driver, assigning undriven bits to Z, simulation mismatch possible("C:\Users\recep\OneDrive\Desktop\PicoRV\assembler_1\assembler_1\fpga\tangnano9k_soc\fpga_project\src\picorv32.v":111)
WARN  (EX0211) : The output port "pcpi_insn[20]" of module "picorv32(ENABLE_COUNTERS=0,ENABLE_COUNTERS64=0,CATCH_MISALIGN=0,CATCH_ILLINSN=0,ENABLE_IRQ_QREGS=0,ENABLE_IRQ_TIMER=0,LATCHED_IRQ=32'hFFFF_FFFF,STACKADDR=32'h0000_2000)" has no driver, assigning undriven bits to Z, simulation mismatch possible("C:\Users\recep\OneDrive\Desktop\PicoRV\assembler_1\assembler_1\fpga\tangnano9k_soc\fpga_project\src\picorv32.v":111)
WARN  (EX0211) : The output port "pcpi_insn[19]" of module "picorv32(ENABLE_COUNTERS=0,ENABLE_COUNTERS64=0,CATCH_MISALIGN=0,CATCH_ILLINSN=0,ENABLE_IRQ_QREGS=0,ENABLE_IRQ_TIMER=0,LATCHED_IRQ=32'hFFFF_FFFF,STACKADDR=32'h0000_2000)" has no driver, assigning undriven bits to Z, simulation mismatch possible("C:\Users\recep\OneDrive\Desktop\PicoRV\assembler_1\assembler_1\fpga\tangnano9k_soc\fpga_project\src\picorv32.v":111)
WARN  (EX0211) : The output port "pcpi_insn[18]" of module "picorv32(ENABLE_COUNTERS=0,ENABLE_COUNTERS64=0,CATCH_MISALIGN=0,CATCH_ILLINSN=0,ENABLE_IRQ_QREGS=0,ENABLE_IRQ_TIMER=0,LATCHED_IRQ=32'hFFFF_FFFF,STACKADDR=32'h0000_2000)" has no driver, assigning undriven bits to Z, simulation mismatch possible("C:\Users\recep\OneDrive\Desktop\PicoRV\assembler_1\assembler_1\fpga\tangnano9k_soc\fpga_project\src\picorv32.v":111)
WARN  (EX0211) : The output port "pcpi_insn[17]" of module "picorv32(ENABLE_COUNTERS=0,ENABLE_COUNTERS64=0,CATCH_MISALIGN=0,CATCH_ILLINSN=0,ENABLE_IRQ_QREGS=0,ENABLE_IRQ_TIMER=0,LATCHED_IRQ=32'hFFFF_FFFF,STACKADDR=32'h0000_2000)" has no driver, assigning undriven bits to Z, simulation mismatch possible("C:\Users\recep\OneDrive\Desktop\PicoRV\assembler_1\assembler_1\fpga\tangnano9k_soc\fpga_project\src\picorv32.v":111)
WARN  (EX0211) : The output port "pcpi_insn[16]" of module "picorv32(ENABLE_COUNTERS=0,ENABLE_COUNTERS64=0,CATCH_MISALIGN=0,CATCH_ILLINSN=0,ENABLE_IRQ_QREGS=0,ENABLE_IRQ_TIMER=0,LATCHED_IRQ=32'hFFFF_FFFF,STACKADDR=32'h0000_2000)" has no driver, assigning undriven bits to Z, simulation mismatch possible("C:\Users\recep\OneDrive\Desktop\PicoRV\assembler_1\assembler_1\fpga\tangnano9k_soc\fpga_project\src\picorv32.v":111)
WARN  (EX0211) : The output port "pcpi_insn[15]" of module "picorv32(ENABLE_COUNTERS=0,ENABLE_COUNTERS64=0,CATCH_MISALIGN=0,CATCH_ILLINSN=0,ENABLE_IRQ_QREGS=0,ENABLE_IRQ_TIMER=0,LATCHED_IRQ=32'hFFFF_FFFF,STACKADDR=32'h0000_2000)" has no driver, assigning undriven bits to Z, simulation mismatch possible("C:\Users\recep\OneDrive\Desktop\PicoRV\assembler_1\assembler_1\fpga\tangnano9k_soc\fpga_project\src\picorv32.v":111)
WARN  (EX0211) : The output port "pcpi_insn[14]" of module "picorv32(ENABLE_COUNTERS=0,ENABLE_COUNTERS64=0,CATCH_MISALIGN=0,CATCH_ILLINSN=0,ENABLE_IRQ_QREGS=0,ENABLE_IRQ_TIMER=0,LATCHED_IRQ=32'hFFFF_FFFF,STACKADDR=32'h0000_2000)" has no driver, assigning undriven bits to Z, simulation mismatch possible("C:\Users\recep\OneDrive\Desktop\PicoRV\assembler_1\assembler_1\fpga\tangnano9k_soc\fpga_project\src\picorv32.v":111)
WARN  (EX0211) : The output port "pcpi_insn[13]" of module "picorv32(ENABLE_COUNTERS=0,ENABLE_COUNTERS64=0,CATCH_MISALIGN=0,CATCH_ILLINSN=0,ENABLE_IRQ_QREGS=0,ENABLE_IRQ_TIMER=0,LATCHED_IRQ=32'hFFFF_FFFF,STACKADDR=32'h0000_2000)" has no driver, assigning undriven bits to Z, simulation mismatch possible("C:\Users\recep\OneDrive\Desktop\PicoRV\assembler_1\assembler_1\fpga\tangnano9k_soc\fpga_project\src\picorv32.v":111)
WARN  (EX0211) : The output port "pcpi_insn[12]" of module "picorv32(ENABLE_COUNTERS=0,ENABLE_COUNTERS64=0,CATCH_MISALIGN=0,CATCH_ILLINSN=0,ENABLE_IRQ_QREGS=0,ENABLE_IRQ_TIMER=0,LATCHED_IRQ=32'hFFFF_FFFF,STACKADDR=32'h0000_2000)" has no driver, assigning undriven bits to Z, simulation mismatch possible("C:\Users\recep\OneDrive\Desktop\PicoRV\assembler_1\assembler_1\fpga\tangnano9k_soc\fpga_project\src\picorv32.v":111)
WARN  (EX0211) : The output port "pcpi_insn[11]" of module "picorv32(ENABLE_COUNTERS=0,ENABLE_COUNTERS64=0,CATCH_MISALIGN=0,CATCH_ILLINSN=0,ENABLE_IRQ_QREGS=0,ENABLE_IRQ_TIMER=0,LATCHED_IRQ=32'hFFFF_FFFF,STACKADDR=32'h0000_2000)" has no driver, assigning undriven bits to Z, simulation mismatch possible("C:\Users\recep\OneDrive\Desktop\PicoRV\assembler_1\assembler_1\fpga\tangnano9k_soc\fpga_project\src\picorv32.v":111)
WARN  (EX0211) : The output port "pcpi_insn[10]" of module "picorv32(ENABLE_COUNTERS=0,ENABLE_COUNTERS64=0,CATCH_MISALIGN=0,CATCH_ILLINSN=0,ENABLE_IRQ_QREGS=0,ENABLE_IRQ_TIMER=0,LATCHED_IRQ=32'hFFFF_FFFF,STACKADDR=32'h0000_2000)" has no driver, assigning undriven bits to Z, simulation mismatch possible("C:\Users\recep\OneDrive\Desktop\PicoRV\assembler_1\assembler_1\fpga\tangnano9k_soc\fpga_project\src\picorv32.v":111)
WARN  (EX0211) : The output port "pcpi_insn[9]" of module "picorv32(ENABLE_COUNTERS=0,ENABLE_COUNTERS64=0,CATCH_MISALIGN=0,CATCH_ILLINSN=0,ENABLE_IRQ_QREGS=0,ENABLE_IRQ_TIMER=0,LATCHED_IRQ=32'hFFFF_FFFF,STACKADDR=32'h0000_2000)" has no driver, assigning undriven bits to Z, simulation mismatch possible("C:\Users\recep\OneDrive\Desktop\PicoRV\assembler_1\assembler_1\fpga\tangnano9k_soc\fpga_project\src\picorv32.v":111)
WARN  (EX0211) : The output port "pcpi_insn[8]" of module "picorv32(ENABLE_COUNTERS=0,ENABLE_COUNTERS64=0,CATCH_MISALIGN=0,CATCH_ILLINSN=0,ENABLE_IRQ_QREGS=0,ENABLE_IRQ_TIMER=0,LATCHED_IRQ=32'hFFFF_FFFF,STACKADDR=32'h0000_2000)" has no driver, assigning undriven bits to Z, simulation mismatch possible("C:\Users\recep\OneDrive\Desktop\PicoRV\assembler_1\assembler_1\fpga\tangnano9k_soc\fpga_project\src\picorv32.v":111)
WARN  (EX0211) : The output port "pcpi_insn[7]" of module "picorv32(ENABLE_COUNTERS=0,ENABLE_COUNTERS64=0,CATCH_MISALIGN=0,CATCH_ILLINSN=0,ENABLE_IRQ_QREGS=0,ENABLE_IRQ_TIMER=0,LATCHED_IRQ=32'hFFFF_FFFF,STACKADDR=32'h0000_2000)" has no driver, assigning undriven bits to Z, simulation mismatch possible("C:\Users\recep\OneDrive\Desktop\PicoRV\assembler_1\assembler_1\fpga\tangnano9k_soc\fpga_project\src\picorv32.v":111)
WARN  (EX0211) : The output port "pcpi_insn[6]" of module "picorv32(ENABLE_COUNTERS=0,ENABLE_COUNTERS64=0,CATCH_MISALIGN=0,CATCH_ILLINSN=0,ENABLE_IRQ_QREGS=0,ENABLE_IRQ_TIMER=0,LATCHED_IRQ=32'hFFFF_FFFF,STACKADDR=32'h0000_2000)" has no driver, assigning undriven bits to Z, simulation mismatch possible("C:\Users\recep\OneDrive\Desktop\PicoRV\assembler_1\assembler_1\fpga\tangnano9k_soc\fpga_project\src\picorv32.v":111)
WARN  (EX0211) : The output port "pcpi_insn[5]" of module "picorv32(ENABLE_COUNTERS=0,ENABLE_COUNTERS64=0,CATCH_MISALIGN=0,CATCH_ILLINSN=0,ENABLE_IRQ_QREGS=0,ENABLE_IRQ_TIMER=0,LATCHED_IRQ=32'hFFFF_FFFF,STACKADDR=32'h0000_2000)" has no driver, assigning undriven bits to Z, simulation mismatch possible("C:\Users\recep\OneDrive\Desktop\PicoRV\assembler_1\assembler_1\fpga\tangnano9k_soc\fpga_project\src\picorv32.v":111)
WARN  (EX0211) : The output port "pcpi_insn[4]" of module "picorv32(ENABLE_COUNTERS=0,ENABLE_COUNTERS64=0,CATCH_MISALIGN=0,CATCH_ILLINSN=0,ENABLE_IRQ_QREGS=0,ENABLE_IRQ_TIMER=0,LATCHED_IRQ=32'hFFFF_FFFF,STACKADDR=32'h0000_2000)" has no driver, assigning undriven bits to Z, simulation mismatch possible("C:\Users\recep\OneDrive\Desktop\PicoRV\assembler_1\assembler_1\fpga\tangnano9k_soc\fpga_project\src\picorv32.v":111)
WARN  (EX0211) : The output port "pcpi_insn[3]" of module "picorv32(ENABLE_COUNTERS=0,ENABLE_COUNTERS64=0,CATCH_MISALIGN=0,CATCH_ILLINSN=0,ENABLE_IRQ_QREGS=0,ENABLE_IRQ_TIMER=0,LATCHED_IRQ=32'hFFFF_FFFF,STACKADDR=32'h0000_2000)" has no driver, assigning undriven bits to Z, simulation mismatch possible("C:\Users\recep\OneDrive\Desktop\PicoRV\assembler_1\assembler_1\fpga\tangnano9k_soc\fpga_project\src\picorv32.v":111)
WARN  (EX0211) : The output port "pcpi_insn[2]" of module "picorv32(ENABLE_COUNTERS=0,ENABLE_COUNTERS64=0,CATCH_MISALIGN=0,CATCH_ILLINSN=0,ENABLE_IRQ_QREGS=0,ENABLE_IRQ_TIMER=0,LATCHED_IRQ=32'hFFFF_FFFF,STACKADDR=32'h0000_2000)" has no driver, assigning undriven bits to Z, simulation mismatch possible("C:\Users\recep\OneDrive\Desktop\PicoRV\assembler_1\assembler_1\fpga\tangnano9k_soc\fpga_project\src\picorv32.v":111)
WARN  (EX0211) : The output port "pcpi_insn[1]" of module "picorv32(ENABLE_COUNTERS=0,ENABLE_COUNTERS64=0,CATCH_MISALIGN=0,CATCH_ILLINSN=0,ENABLE_IRQ_QREGS=0,ENABLE_IRQ_TIMER=0,LATCHED_IRQ=32'hFFFF_FFFF,STACKADDR=32'h0000_2000)" has no driver, assigning undriven bits to Z, simulation mismatch possible("C:\Users\recep\OneDrive\Desktop\PicoRV\assembler_1\assembler_1\fpga\tangnano9k_soc\fpga_project\src\picorv32.v":111)
WARN  (EX0211) : The output port "pcpi_insn[0]" of module "picorv32(ENABLE_COUNTERS=0,ENABLE_COUNTERS64=0,CATCH_MISALIGN=0,CATCH_ILLINSN=0,ENABLE_IRQ_QREGS=0,ENABLE_IRQ_TIMER=0,LATCHED_IRQ=32'hFFFF_FFFF,STACKADDR=32'h0000_2000)" has no driver, assigning undriven bits to Z, simulation mismatch possible("C:\Users\recep\OneDrive\Desktop\PicoRV\assembler_1\assembler_1\fpga\tangnano9k_soc\fpga_project\src\picorv32.v":111)
[5%] Running netlist conversion ...
Running device independent optimization ...
[10%] Optimizing Phase 0 completed
[15%] Optimizing Phase 1 completed
[25%] Optimizing Phase 2 completed
Running inference ...
[30%] Inferring Phase 0 completed
[40%] Inferring Phase 1 completed
[50%] Inferring Phase 2 completed
[55%] Inferring Phase 3 completed
Running technical mapping ...
[60%] Tech-Mapping Phase 0 completed
[65%] Tech-Mapping Phase 1 completed
[75%] Tech-Mapping Phase 2 completed
[80%] Tech-Mapping Phase 3 completed
[90%] Tech-Mapping Phase 4 completed
[95%] Generate netlist file "C:\Users\recep\OneDrive\Desktop\PicoRV\assembler_1\assembler_1\fpga\tangnano9k_soc\fpga_project\impl\gwsynthesis\fpga_project.vg" completed
[100%] Generate report file "C:\Users\recep\OneDrive\Desktop\PicoRV\assembler_1\assembler_1\fpga\tangnano9k_soc\fpga_project\impl\gwsynthesis\fpga_project_syn.rpt.html" completed
GowinSynthesis finish
